<?xml version="1.0" encoding="UTF-8"?>
<testsuite name="com.example.testing.domain.product.unit.ProductServiceImplUnitTests" tests="3" skipped="2" failures="0" errors="0" timestamp="2022-09-07T14:05:10" hostname="Yvess-MacBook-Pro-2.local" time="0.579">
  <properties/>
  <testcase name="findById_requestProductById_expectProduct()" classname="com.example.testing.domain.product.unit.ProductServiceImplUnitTests" time="0.574"/>
  <testcase name="isPriceOfProductAbove_provideProduct_expectItToBeAboveGivenPrice()" classname="com.example.testing.domain.product.unit.ProductServiceImplUnitTests" time="0.002">
    <skipped/>
  </testcase>
  <testcase name="accumulatedPriceOfAllProducts_provideProducts_expectCorrectPrice()" classname="com.example.testing.domain.product.unit.ProductServiceImplUnitTests" time="0.0">
    <skipped/>
  </testcase>
  <system-out><![CDATA[]]></system-out>
  <system-err><![CDATA[]]></system-err>
</testsuite>
