<?xml version="1.0" encoding="UTF-8"?>
<testsuite name="com.example.testing.domain.product.unit.ProductControllerUnitTests" tests="5" skipped="0" failures="0" errors="0" timestamp="2022-09-12T10:06:39" hostname="Yvess-MacBook-Pro-2.local" time="0.244">
  <properties/>
  <testcase name="updateProduct_requestProductDTOToBeUpdated_expectUpdatedProductDTO()" classname="com.example.testing.domain.product.unit.ProductControllerUnitTests" time="0.183"/>
  <testcase name="retrieveAll_requestAllProducts_expectAllProductsAsDTOS()" classname="com.example.testing.domain.product.unit.ProductControllerUnitTests" time="0.016"/>
  <testcase name="deleteProductById_requestDeletionOfProductById_expectAppropriateState()" classname="com.example.testing.domain.product.unit.ProductControllerUnitTests" time="0.009"/>
  <testcase name="retrieveById_requestProductById_expectProductAsDTO()" classname="com.example.testing.domain.product.unit.ProductControllerUnitTests" time="0.009"/>
  <testcase name="create_requestProductDTOToBeCreated_expectCreatedProductAsDTO()" classname="com.example.testing.domain.product.unit.ProductControllerUnitTests" time="0.022"/>
  <system-out><![CDATA[12:06:35.897 [Test worker] DEBUG org.springframework.test.context.BootstrapUtils - Instantiating CacheAwareContextLoaderDelegate from class [org.springframework.test.context.cache.DefaultCacheAwareContextLoaderDelegate]
12:06:35.905 [Test worker] DEBUG org.springframework.test.context.BootstrapUtils - Instantiating BootstrapContext using constructor [public org.springframework.test.context.support.DefaultBootstrapContext(java.lang.Class,org.springframework.test.context.CacheAwareContextLoaderDelegate)]
12:06:35.935 [Test worker] DEBUG org.springframework.test.context.BootstrapUtils - Instantiating TestContextBootstrapper for test class [com.example.testing.domain.product.unit.ProductControllerUnitTests] from class [org.springframework.boot.test.context.SpringBootTestContextBootstrapper]
12:06:35.945 [Test worker] INFO org.springframework.boot.test.context.SpringBootTestContextBootstrapper - Neither @ContextConfiguration nor @ContextHierarchy found for test class [com.example.testing.domain.product.unit.ProductControllerUnitTests], using SpringBootContextLoader
12:06:35.949 [Test worker] DEBUG org.springframework.test.context.support.AbstractContextLoader - Did not detect default resource location for test class [com.example.testing.domain.product.unit.ProductControllerUnitTests]: class path resource [com/example/testing/domain/product/unit/ProductControllerUnitTests-context.xml] does not exist
12:06:35.949 [Test worker] DEBUG org.springframework.test.context.support.AbstractContextLoader - Did not detect default resource location for test class [com.example.testing.domain.product.unit.ProductControllerUnitTests]: class path resource [com/example/testing/domain/product/unit/ProductControllerUnitTestsContext.groovy] does not exist
12:06:35.949 [Test worker] INFO org.springframework.test.context.support.AbstractContextLoader - Could not detect default resource locations for test class [com.example.testing.domain.product.unit.ProductControllerUnitTests]: no resource found for suffixes {-context.xml, Context.groovy}.
12:06:35.950 [Test worker] INFO org.springframework.test.context.support.AnnotationConfigContextLoaderUtils - Could not detect default configuration classes for test class [com.example.testing.domain.product.unit.ProductControllerUnitTests]: ProductControllerUnitTests does not declare any static, non-private, non-final, nested classes annotated with @Configuration.
12:06:36.069 [Test worker] DEBUG org.springframework.context.annotation.ClassPathScanningCandidateComponentProvider - Identified candidate component class: file [/Users/yveskaufmann/Desktop/SpringBoot_Testing/build/classes/java/main/com/example/testing/TestingApplication.class]
12:06:36.070 [Test worker] INFO org.springframework.boot.test.context.SpringBootTestContextBootstrapper - Found @SpringBootConfiguration com.example.testing.TestingApplication for test class com.example.testing.domain.product.unit.ProductControllerUnitTests
12:06:36.135 [Test worker] DEBUG org.springframework.boot.test.context.SpringBootTestContextBootstrapper - @TestExecutionListeners is not present for class [com.example.testing.domain.product.unit.ProductControllerUnitTests]: using defaults.
12:06:36.136 [Test worker] INFO org.springframework.boot.test.context.SpringBootTestContextBootstrapper - Loaded default TestExecutionListener class names from location [META-INF/spring.factories]: [org.springframework.boot.test.autoconfigure.restdocs.RestDocsTestExecutionListener, org.springframework.boot.test.autoconfigure.web.client.MockRestServiceServerResetTestExecutionListener, org.springframework.boot.test.autoconfigure.web.servlet.MockMvcPrintOnlyOnFailureTestExecutionListener, org.springframework.boot.test.autoconfigure.web.servlet.WebDriverTestExecutionListener, org.springframework.boot.test.autoconfigure.webservices.client.MockWebServiceServerTestExecutionListener, org.springframework.boot.test.mock.mockito.MockitoTestExecutionListener, org.springframework.boot.test.mock.mockito.ResetMocksTestExecutionListener, org.springframework.test.context.web.ServletTestExecutionListener, org.springframework.test.context.support.DirtiesContextBeforeModesTestExecutionListener, org.springframework.test.context.event.ApplicationEventsTestExecutionListener, org.springframework.test.context.support.DependencyInjectionTestExecutionListener, org.springframework.test.context.support.DirtiesContextTestExecutionListener, org.springframework.test.context.transaction.TransactionalTestExecutionListener, org.springframework.test.context.jdbc.SqlScriptsTestExecutionListener, org.springframework.test.context.event.EventPublishingTestExecutionListener]
12:06:36.148 [Test worker] INFO org.springframework.boot.test.context.SpringBootTestContextBootstrapper - Using TestExecutionListeners: [org.springframework.test.context.web.ServletTestExecutionListener@4ef27d66, org.springframework.test.context.support.DirtiesContextBeforeModesTestExecutionListener@362a019c, org.springframework.test.context.event.ApplicationEventsTestExecutionListener@1d9bec4d, org.springframework.boot.test.mock.mockito.MockitoTestExecutionListener@5c48c0c0, org.springframework.boot.test.autoconfigure.SpringBootDependencyInjectionTestExecutionListener@10c8f62, org.springframework.test.context.support.DirtiesContextTestExecutionListener@674c583e, org.springframework.test.context.transaction.TransactionalTestExecutionListener@25f7391e, org.springframework.test.context.jdbc.SqlScriptsTestExecutionListener@3f23a3a0, org.springframework.test.context.event.EventPublishingTestExecutionListener@5ab14cb9, org.springframework.boot.test.autoconfigure.restdocs.RestDocsTestExecutionListener@5fb97279, org.springframework.boot.test.autoconfigure.web.client.MockRestServiceServerResetTestExecutionListener@439a8f59, org.springframework.boot.test.autoconfigure.web.servlet.MockMvcPrintOnlyOnFailureTestExecutionListener@61861a29, org.springframework.boot.test.autoconfigure.web.servlet.WebDriverTestExecutionListener@31024624, org.springframework.boot.test.autoconfigure.webservices.client.MockWebServiceServerTestExecutionListener@25bcd0c7, org.springframework.boot.test.mock.mockito.ResetMocksTestExecutionListener@32cb636e]
12:06:36.151 [Test worker] DEBUG org.springframework.test.context.support.AbstractDirtiesContextTestExecutionListener - Before test class: context [DefaultTestContext@5df417a7 testClass = ProductControllerUnitTests, testInstance = [null], testMethod = [null], testException = [null], mergedContextConfiguration = [WebMergedContextConfiguration@7c041b41 testClass = ProductControllerUnitTests, locations = '{}', classes = '{class com.example.testing.TestingApplication}', contextInitializerClasses = '[]', activeProfiles = '{test}', propertySourceLocations = '{}', propertySourceProperties = '{org.springframework.boot.test.context.SpringBootTestContextBootstrapper=true}', contextCustomizers = set[org.springframework.boot.test.autoconfigure.actuate.metrics.MetricsExportContextCustomizerFactory$DisableMetricExportContextCustomizer@797cf65c, org.springframework.boot.test.autoconfigure.properties.PropertyMappingContextCustomizer@4b3fa0b3, org.springframework.boot.test.autoconfigure.web.servlet.WebDriverContextCustomizerFactory$Customizer@331acdad, [ImportsContextCustomizer@7f69d591 key = [org.springframework.boot.test.autoconfigure.web.servlet.MockMvcAutoConfiguration, org.springframework.boot.test.autoconfigure.web.servlet.MockMvcWebClientAutoConfiguration, org.springframework.boot.test.autoconfigure.web.servlet.MockMvcWebDriverAutoConfiguration, org.springframework.boot.autoconfigure.security.oauth2.client.servlet.OAuth2ClientAutoConfiguration, org.springframework.boot.autoconfigure.security.oauth2.resource.servlet.OAuth2ResourceServerAutoConfiguration, org.springframework.boot.autoconfigure.security.servlet.SecurityAutoConfiguration, org.springframework.boot.autoconfigure.security.servlet.SecurityFilterAutoConfiguration, org.springframework.boot.autoconfigure.security.servlet.UserDetailsServiceAutoConfiguration, org.springframework.boot.test.autoconfigure.web.servlet.MockMvcSecurityConfiguration, org.springframework.boot.test.autoconfigure.web.reactive.WebTestClientAutoConfiguration]], org.springframework.boot.test.context.filter.ExcludeFilterContextCustomizer@623e088f, org.springframework.boot.test.json.DuplicateJsonObjectContextCustomizerFactory$DuplicateJsonObjectContextCustomizer@6179e425, org.springframework.boot.test.mock.mockito.MockitoContextCustomizer@8e8d585d, org.springframework.boot.test.web.client.TestRestTemplateContextCustomizer@1cdc4c27, org.springframework.boot.test.context.SpringBootTestArgs@1, org.springframework.boot.test.context.SpringBootTestWebEnvironment@37f1104d], resourceBasePath = 'src/main/webapp', contextLoader = 'org.springframework.boot.test.context.SpringBootContextLoader', parent = [null]], attributes = map['org.springframework.test.context.web.ServletTestExecutionListener.activateListener' -> true]], class annotated with @DirtiesContext [false] with mode [null].

  .   ____          _            __ _ _
 /\\ / ___'_ __ _ _(_)_ __  __ _ \ \ \ \
( ( )\___ | '_ | '_| | '_ \/ _` | \ \ \ \
 \\/  ___)| |_)| | | | | || (_| |  ) ) ) )
  '  |____| .__|_| |_|_| |_\__, | / / / /
 =========|_|==============|___/=/_/_/_/
 :: Spring Boot ::                (v2.7.3)

2022-09-12 12:06:36.388  INFO 1985 --- [    Test worker] c.e.t.d.p.u.ProductControllerUnitTests   : Starting ProductControllerUnitTests using Java 18.0.2 on Yvess-MacBook-Pro-2.local with PID 1985 (started by yveskaufmann in /Users/yveskaufmann/Desktop/SpringBoot_Testing)
2022-09-12 12:06:36.389  INFO 1985 --- [    Test worker] c.e.t.d.p.u.ProductControllerUnitTests   : The following 1 profile is active: "test"
2022-09-12 12:06:36.904  INFO 1985 --- [    Test worker] .s.d.r.c.RepositoryConfigurationDelegate : Bootstrapping Spring Data JPA repositories in DEFAULT mode.
2022-09-12 12:06:36.959  INFO 1985 --- [    Test worker] .s.d.r.c.RepositoryConfigurationDelegate : Finished Spring Data repository scanning in 47 ms. Found 3 JPA repository interfaces.
2022-09-12 12:06:37.743  INFO 1985 --- [    Test worker] o.hibernate.jpa.internal.util.LogHelper  : HHH000204: Processing PersistenceUnitInfo [name: default]
2022-09-12 12:06:37.787  INFO 1985 --- [    Test worker] org.hibernate.Version                    : HHH000412: Hibernate ORM core version 5.6.10.Final
2022-09-12 12:06:37.817  INFO 1985 --- [    Test worker] o.hibernate.annotations.common.Version   : HCANN000001: Hibernate Commons Annotations {5.1.2.Final}
2022-09-12 12:06:37.906  INFO 1985 --- [    Test worker] com.zaxxer.hikari.HikariDataSource       : HikariPool-1 - Starting...
2022-09-12 12:06:38.040  INFO 1985 --- [    Test worker] com.zaxxer.hikari.HikariDataSource       : HikariPool-1 - Start completed.
2022-09-12 12:06:38.053  INFO 1985 --- [    Test worker] org.hibernate.dialect.Dialect            : HHH000400: Using dialect: org.hibernate.dialect.H2Dialect
2022-09-12 12:06:38.425  INFO 1985 --- [    Test worker] o.h.e.t.j.p.i.JtaPlatformInitiator       : HHH000490: Using JtaPlatform implementation: [org.hibernate.engine.transaction.jta.platform.internal.NoJtaPlatform]
2022-09-12 12:06:38.432  INFO 1985 --- [    Test worker] j.LocalContainerEntityManagerFactoryBean : Initialized JPA EntityManagerFactory for persistence unit 'default'
2022-09-12 12:06:38.866  WARN 1985 --- [    Test worker] JpaBaseConfiguration$JpaWebConfiguration : spring.jpa.open-in-view is enabled by default. Therefore, database queries may be performed during view rendering. Explicitly configure spring.jpa.open-in-view to disable this warning
2022-09-12 12:06:39.301  INFO 1985 --- [    Test worker] o.s.b.t.m.w.SpringBootMockServletContext : Initializing Spring TestDispatcherServlet ''
2022-09-12 12:06:39.301  INFO 1985 --- [    Test worker] o.s.t.web.servlet.TestDispatcherServlet  : Initializing Servlet ''
2022-09-12 12:06:39.302  INFO 1985 --- [    Test worker] o.s.t.web.servlet.TestDispatcherServlet  : Completed initialization in 1 ms
2022-09-12 12:06:39.318  INFO 1985 --- [    Test worker] c.e.t.d.p.u.ProductControllerUnitTests   : Started ProductControllerUnitTests in 3.136 seconds (JVM running for 4.13)
]]></system-out>
  <system-err><![CDATA[]]></system-err>
</testsuite>
