<?xml version="1.0" encoding="UTF-8"?>
<testsuite name="com.example.testing.domain.product.unit.ProductRepositoryUnitTests" tests="3" skipped="1" failures="0" errors="0" timestamp="2022-09-17T12:26:47" hostname="Yvess-MacBook-Pro.local" time="0.255">
  <properties/>
  <testcase name="findById_requestProductById_expectProduct()" classname="com.example.testing.domain.product.unit.ProductRepositoryUnitTests" time="0.134"/>
  <testcase name="findAll_requestAllProducts_expectAllProducts()" classname="com.example.testing.domain.product.unit.ProductRepositoryUnitTests" time="0.12"/>
  <testcase name="save_requestProductToBeSaved_expectSavedProduct()" classname="com.example.testing.domain.product.unit.ProductRepositoryUnitTests" time="0.0">
    <skipped/>
  </testcase>
  <system-out><![CDATA[2022-09-17 14:26:46.987  INFO 50482 --- [    Test worker] b.t.a.o.j.DataJpaTestContextBootstrapper : Neither @ContextConfiguration nor @ContextHierarchy found for test class [com.example.testing.domain.product.unit.ProductRepositoryUnitTests], using SpringBootContextLoader
2022-09-17 14:26:46.987  INFO 50482 --- [    Test worker] o.s.t.c.support.AbstractContextLoader    : Could not detect default resource locations for test class [com.example.testing.domain.product.unit.ProductRepositoryUnitTests]: no resource found for suffixes {-context.xml, Context.groovy}.
2022-09-17 14:26:46.987  INFO 50482 --- [    Test worker] t.c.s.AnnotationConfigContextLoaderUtils : Could not detect default configuration classes for test class [com.example.testing.domain.product.unit.ProductRepositoryUnitTests]: ProductRepositoryUnitTests does not declare any static, non-private, non-final, nested classes annotated with @Configuration.
2022-09-17 14:26:46.990  INFO 50482 --- [    Test worker] .b.t.c.SpringBootTestContextBootstrapper : Found @SpringBootConfiguration com.example.testing.TestingApplication for test class com.example.testing.domain.product.unit.ProductRepositoryUnitTests
2022-09-17 14:26:46.991  INFO 50482 --- [    Test worker] b.t.a.o.j.DataJpaTestContextBootstrapper : Loaded default TestExecutionListener class names from location [META-INF/spring.factories]: [org.springframework.security.test.context.support.WithSecurityContextTestExecutionListener, org.springframework.security.test.context.support.ReactorContextTestExecutionListener, org.springframework.boot.test.autoconfigure.restdocs.RestDocsTestExecutionListener, org.springframework.boot.test.autoconfigure.web.client.MockRestServiceServerResetTestExecutionListener, org.springframework.boot.test.autoconfigure.web.servlet.MockMvcPrintOnlyOnFailureTestExecutionListener, org.springframework.boot.test.autoconfigure.web.servlet.WebDriverTestExecutionListener, org.springframework.boot.test.autoconfigure.webservices.client.MockWebServiceServerTestExecutionListener, org.springframework.boot.test.mock.mockito.MockitoTestExecutionListener, org.springframework.boot.test.mock.mockito.ResetMocksTestExecutionListener, org.springframework.test.context.web.ServletTestExecutionListener, org.springframework.test.context.support.DirtiesContextBeforeModesTestExecutionListener, org.springframework.test.context.event.ApplicationEventsTestExecutionListener, org.springframework.test.context.support.DependencyInjectionTestExecutionListener, org.springframework.test.context.support.DirtiesContextTestExecutionListener, org.springframework.test.context.transaction.TransactionalTestExecutionListener, org.springframework.test.context.jdbc.SqlScriptsTestExecutionListener, org.springframework.test.context.event.EventPublishingTestExecutionListener]
2022-09-17 14:26:46.991  INFO 50482 --- [    Test worker] b.t.a.o.j.DataJpaTestContextBootstrapper : Using TestExecutionListeners: [org.springframework.test.context.web.ServletTestExecutionListener@4bcb45e4, org.springframework.test.context.support.DirtiesContextBeforeModesTestExecutionListener@5f478e42, org.springframework.test.context.event.ApplicationEventsTestExecutionListener@2e8ff687, org.springframework.boot.test.mock.mockito.MockitoTestExecutionListener@231d7386, org.springframework.boot.test.autoconfigure.SpringBootDependencyInjectionTestExecutionListener@3268f664, org.springframework.test.context.support.DirtiesContextTestExecutionListener@51be4bf5, org.springframework.test.context.transaction.TransactionalTestExecutionListener@54b48b, org.springframework.test.context.jdbc.SqlScriptsTestExecutionListener@481d6644, org.springframework.security.test.context.support.WithSecurityContextTestExecutionListener@3d3362f5, org.springframework.test.context.event.EventPublishingTestExecutionListener@1e717745, org.springframework.security.test.context.support.ReactorContextTestExecutionListener@3ba468ec, org.springframework.boot.test.autoconfigure.restdocs.RestDocsTestExecutionListener@1828069a, org.springframework.boot.test.autoconfigure.web.client.MockRestServiceServerResetTestExecutionListener@3e2afba0, org.springframework.boot.test.autoconfigure.web.servlet.MockMvcPrintOnlyOnFailureTestExecutionListener@2b74787f, org.springframework.boot.test.autoconfigure.web.servlet.WebDriverTestExecutionListener@338f96f5, org.springframework.boot.test.autoconfigure.webservices.client.MockWebServiceServerTestExecutionListener@6b4b5ac8, org.springframework.boot.test.mock.mockito.ResetMocksTestExecutionListener@2554bfa]

  .   ____          _            __ _ _
 /\\ / ___'_ __ _ _(_)_ __  __ _ \ \ \ \
( ( )\___ | '_ | '_| | '_ \/ _` | \ \ \ \
 \\/  ___)| |_)| | | | | || (_| |  ) ) ) )
  '  |____| .__|_| |_|_| |_\__, | / / / /
 =========|_|==============|___/=/_/_/_/
 :: Spring Boot ::                (v2.7.3)

2022-09-17 14:26:46.998  INFO 50482 --- [    Test worker] c.e.t.d.p.u.ProductRepositoryUnitTests   : Starting ProductRepositoryUnitTests using Java 18.0.2 on Yvess-MacBook-Pro.local with PID 50482 (started by yves in /Users/yves/Desktop/SpringBoot_Testing)
2022-09-17 14:26:46.998  INFO 50482 --- [    Test worker] c.e.t.d.p.u.ProductRepositoryUnitTests   : No active profile set, falling back to 1 default profile: "default"
2022-09-17 14:26:47.019  INFO 50482 --- [    Test worker] .s.d.r.c.RepositoryConfigurationDelegate : Bootstrapping Spring Data JPA repositories in DEFAULT mode.
2022-09-17 14:26:47.025  INFO 50482 --- [    Test worker] .s.d.r.c.RepositoryConfigurationDelegate : Finished Spring Data repository scanning in 6 ms. Found 7 JPA repository interfaces.
2022-09-17 14:26:47.029  INFO 50482 --- [    Test worker] beddedDataSourceBeanFactoryPostProcessor : Replacing 'dataSource' DataSource bean with embedded version
2022-09-17 14:26:47.040  INFO 50482 --- [    Test worker] o.s.j.d.e.EmbeddedDatabaseFactory        : Starting embedded database: url='jdbc:h2:mem:f6e6eeaa-a33b-4f33-a768-31913bcae1d3;DB_CLOSE_DELAY=-1;DB_CLOSE_ON_EXIT=false', username='sa'
2022-09-17 14:26:47.049  INFO 50482 --- [    Test worker] o.hibernate.jpa.internal.util.LogHelper  : HHH000204: Processing PersistenceUnitInfo [name: default]
2022-09-17 14:26:47.057  INFO 50482 --- [    Test worker] org.hibernate.dialect.Dialect            : HHH000400: Using dialect: org.hibernate.dialect.H2Dialect
Hibernate: drop table if exists authority CASCADE 
Hibernate: drop table if exists ordering CASCADE 
Hibernate: drop table if exists ordering_position CASCADE 
Hibernate: drop table if exists product CASCADE 
Hibernate: drop table if exists role CASCADE 
Hibernate: drop table if exists role_authority CASCADE 
Hibernate: drop table if exists users CASCADE 
Hibernate: drop table if exists users_role CASCADE 
Hibernate: create table authority (id varchar(255) not null, name varchar(255) not null, primary key (id))
Hibernate: create table ordering (id varchar(255) not null, primary key (id))
Hibernate: create table ordering_position (id varchar(255) not null, amount integer not null, ordering_id varchar(255) not null, product_id varchar(255) not null, primary key (id))
Hibernate: create table product (id varchar(255) not null, name varchar(255), price integer, primary key (id))
Hibernate: create table role (id varchar(255) not null, name varchar(255) not null, primary key (id))
Hibernate: create table role_authority (role_id varchar(255) not null, authority_id varchar(255) not null, primary key (role_id, authority_id))
Hibernate: create table users (id varchar(255) not null, email varchar(255) not null, first_name varchar(255), last_name varchar(255), password varchar(255), primary key (id))
Hibernate: create table users_role (users_id varchar(255) not null, role_id varchar(255) not null, primary key (users_id, role_id))
Hibernate: alter table authority add constraint UK_jdeu5vgpb8k5ptsqhrvamuad2 unique (name)
Hibernate: alter table product add constraint UK_jmivyxk9rmgysrmsqw15lqr5b unique (name)
Hibernate: alter table role add constraint UK_8sewwnpamngi6b1dwaa88askk unique (name)
Hibernate: alter table users add constraint UK_6dotkott2kjsp8vw4d0m25fb7 unique (email)
Hibernate: alter table ordering_position add constraint FKggwsyqtres7u5d436cd1envrr foreign key (ordering_id) references ordering
Hibernate: alter table ordering_position add constraint FK9jcjexogeohjcpcf24tkkgl6g foreign key (product_id) references product
Hibernate: alter table role_authority add constraint FKqbri833f7xop13bvdje3xxtnw foreign key (authority_id) references authority
Hibernate: alter table role_authority add constraint FK2052966dco7y9f97s1a824bj1 foreign key (role_id) references role
Hibernate: alter table users_role add constraint FK3qjq7qsiigxa82jgk0i0wuq3g foreign key (role_id) references role
Hibernate: alter table users_role add constraint FKiu0xsee0dmwa28nffgyf4bcvc foreign key (users_id) references users
2022-09-17 14:26:47.086  INFO 50482 --- [    Test worker] o.h.e.t.j.p.i.JtaPlatformInitiator       : HHH000490: Using JtaPlatform implementation: [org.hibernate.engine.transaction.jta.platform.internal.NoJtaPlatform]
2022-09-17 14:26:47.086  INFO 50482 --- [    Test worker] j.LocalContainerEntityManagerFactoryBean : Initialized JPA EntityManagerFactory for persistence unit 'default'
2022-09-17 14:26:47.127  INFO 50482 --- [    Test worker] c.e.t.d.p.u.ProductRepositoryUnitTests   : Started ProductRepositoryUnitTests in 0.135 seconds (JVM running for 4.142)
2022-09-17 14:26:47.129  INFO 50482 --- [    Test worker] j.LocalContainerEntityManagerFactoryBean : Closing JPA EntityManagerFactory for persistence unit 'default'
2022-09-17 14:26:47.129  INFO 50482 --- [    Test worker] .SchemaDropperImpl$DelayedDropActionImpl : HHH000477: Starting delayed evictData of schema as part of SessionFactory shut-down'
Hibernate: drop table if exists authority CASCADE 
Hibernate: drop table if exists ordering CASCADE 
Hibernate: drop table if exists ordering_position CASCADE 
Hibernate: drop table if exists product CASCADE 
Hibernate: drop table if exists role CASCADE 
Hibernate: drop table if exists role_authority CASCADE 
Hibernate: drop table if exists users CASCADE 
Hibernate: drop table if exists users_role CASCADE 

  .   ____          _            __ _ _
 /\\ / ___'_ __ _ _(_)_ __  __ _ \ \ \ \
( ( )\___ | '_ | '_| | '_ \/ _` | \ \ \ \
 \\/  ___)| |_)| | | | | || (_| |  ) ) ) )
  '  |____| .__|_| |_|_| |_\__, | / / / /
 =========|_|==============|___/=/_/_/_/
 :: Spring Boot ::                (v2.7.3)

2022-09-17 14:26:47.140  INFO 50482 --- [    Test worker] c.e.t.d.p.u.ProductRepositoryUnitTests   : Starting ProductRepositoryUnitTests using Java 18.0.2 on Yvess-MacBook-Pro.local with PID 50482 (started by yves in /Users/yves/Desktop/SpringBoot_Testing)
2022-09-17 14:26:47.140  INFO 50482 --- [    Test worker] c.e.t.d.p.u.ProductRepositoryUnitTests   : No active profile set, falling back to 1 default profile: "default"
2022-09-17 14:26:47.159  INFO 50482 --- [    Test worker] .s.d.r.c.RepositoryConfigurationDelegate : Bootstrapping Spring Data JPA repositories in DEFAULT mode.
2022-09-17 14:26:47.166  INFO 50482 --- [    Test worker] .s.d.r.c.RepositoryConfigurationDelegate : Finished Spring Data repository scanning in 6 ms. Found 7 JPA repository interfaces.
2022-09-17 14:26:47.169  INFO 50482 --- [    Test worker] beddedDataSourceBeanFactoryPostProcessor : Replacing 'dataSource' DataSource bean with embedded version
2022-09-17 14:26:47.176  INFO 50482 --- [    Test worker] o.s.j.d.e.EmbeddedDatabaseFactory        : Starting embedded database: url='jdbc:h2:mem:3171b342-06df-4b62-a41e-0c418cf1bf86;DB_CLOSE_DELAY=-1;DB_CLOSE_ON_EXIT=false', username='sa'
2022-09-17 14:26:47.184  INFO 50482 --- [    Test worker] o.hibernate.jpa.internal.util.LogHelper  : HHH000204: Processing PersistenceUnitInfo [name: default]
2022-09-17 14:26:47.186  INFO 50482 --- [    Test worker] org.hibernate.dialect.Dialect            : HHH000400: Using dialect: org.hibernate.dialect.H2Dialect
Hibernate: drop table if exists authority CASCADE 
Hibernate: drop table if exists ordering CASCADE 
Hibernate: drop table if exists ordering_position CASCADE 
Hibernate: drop table if exists product CASCADE 
Hibernate: drop table if exists role CASCADE 
Hibernate: drop table if exists role_authority CASCADE 
Hibernate: drop table if exists users CASCADE 
Hibernate: drop table if exists users_role CASCADE 
Hibernate: create table authority (id varchar(255) not null, name varchar(255) not null, primary key (id))
Hibernate: create table ordering (id varchar(255) not null, primary key (id))
Hibernate: create table ordering_position (id varchar(255) not null, amount integer not null, ordering_id varchar(255) not null, product_id varchar(255) not null, primary key (id))
Hibernate: create table product (id varchar(255) not null, name varchar(255), price integer, primary key (id))
Hibernate: create table role (id varchar(255) not null, name varchar(255) not null, primary key (id))
Hibernate: create table role_authority (role_id varchar(255) not null, authority_id varchar(255) not null, primary key (role_id, authority_id))
Hibernate: create table users (id varchar(255) not null, email varchar(255) not null, first_name varchar(255), last_name varchar(255), password varchar(255), primary key (id))
Hibernate: create table users_role (users_id varchar(255) not null, role_id varchar(255) not null, primary key (users_id, role_id))
Hibernate: alter table authority add constraint UK_jdeu5vgpb8k5ptsqhrvamuad2 unique (name)
Hibernate: alter table product add constraint UK_jmivyxk9rmgysrmsqw15lqr5b unique (name)
Hibernate: alter table role add constraint UK_8sewwnpamngi6b1dwaa88askk unique (name)
Hibernate: alter table users add constraint UK_6dotkott2kjsp8vw4d0m25fb7 unique (email)
Hibernate: alter table ordering_position add constraint FKggwsyqtres7u5d436cd1envrr foreign key (ordering_id) references ordering
Hibernate: alter table ordering_position add constraint FK9jcjexogeohjcpcf24tkkgl6g foreign key (product_id) references product
Hibernate: alter table role_authority add constraint FKqbri833f7xop13bvdje3xxtnw foreign key (authority_id) references authority
Hibernate: alter table role_authority add constraint FK2052966dco7y9f97s1a824bj1 foreign key (role_id) references role
Hibernate: alter table users_role add constraint FK3qjq7qsiigxa82jgk0i0wuq3g foreign key (role_id) references role
Hibernate: alter table users_role add constraint FKiu0xsee0dmwa28nffgyf4bcvc foreign key (users_id) references users
2022-09-17 14:26:47.218  INFO 50482 --- [    Test worker] o.h.e.t.j.p.i.JtaPlatformInitiator       : HHH000490: Using JtaPlatform implementation: [org.hibernate.engine.transaction.jta.platform.internal.NoJtaPlatform]
2022-09-17 14:26:47.219  INFO 50482 --- [    Test worker] j.LocalContainerEntityManagerFactoryBean : Initialized JPA EntityManagerFactory for persistence unit 'default'
2022-09-17 14:26:47.254  INFO 50482 --- [    Test worker] c.e.t.d.p.u.ProductRepositoryUnitTests   : Started ProductRepositoryUnitTests in 0.122 seconds (JVM running for 4.269)
2022-09-17 14:26:47.257  INFO 50482 --- [    Test worker] o.s.t.c.transaction.TransactionContext   : Began transaction (1) for test context [DefaultTestContext@4edea6b4 testClass = ProductRepositoryUnitTests, testInstance = com.example.testing.domain.product.unit.ProductRepositoryUnitTests@52df4036, testMethod = findById_requestProductById_expectProduct@ProductRepositoryUnitTests, testException = [null], mergedContextConfiguration = [MergedContextConfiguration@4b96b0bd testClass = ProductRepositoryUnitTests, locations = '{}', classes = '{class com.example.testing.TestingApplication}', contextInitializerClasses = '[]', activeProfiles = '{}', propertySourceLocations = '{}', propertySourceProperties = '{org.springframework.boot.test.autoconfigure.orm.jpa.DataJpaTestContextBootstrapper=true}', contextCustomizers = set[org.springframework.boot.test.autoconfigure.OverrideAutoConfigurationContextCustomizerFactory$DisableAutoConfigurationContextCustomizer@46135aba, org.springframework.boot.test.autoconfigure.actuate.metrics.MetricsExportContextCustomizerFactory$DisableMetricExportContextCustomizer@1f3f02ee, org.springframework.boot.test.autoconfigure.filter.TypeExcludeFiltersContextCustomizer@351584c0, org.springframework.boot.test.autoconfigure.properties.PropertyMappingContextCustomizer@ec73bdee, org.springframework.boot.test.autoconfigure.web.servlet.WebDriverContextCustomizerFactory$Customizer@6a55299e, [ImportsContextCustomizer@487befb key = [org.springframework.boot.autoconfigure.cache.CacheAutoConfiguration, org.springframework.boot.autoconfigure.data.jpa.JpaRepositoriesAutoConfiguration, org.springframework.boot.autoconfigure.flyway.FlywayAutoConfiguration, org.springframework.boot.autoconfigure.jdbc.DataSourceAutoConfiguration, org.springframework.boot.autoconfigure.jdbc.DataSourceTransactionManagerAutoConfiguration, org.springframework.boot.autoconfigure.jdbc.JdbcTemplateAutoConfiguration, org.springframework.boot.autoconfigure.liquibase.LiquibaseAutoConfiguration, org.springframework.boot.autoconfigure.orm.jpa.HibernateJpaAutoConfiguration, org.springframework.boot.autoconfigure.sql.init.SqlInitializationAutoConfiguration, org.springframework.boot.autoconfigure.transaction.TransactionAutoConfiguration, org.springframework.boot.test.autoconfigure.jdbc.TestDatabaseAutoConfiguration, org.springframework.boot.test.autoconfigure.orm.jpa.TestEntityManagerAutoConfiguration]], org.springframework.boot.test.context.filter.ExcludeFilterContextCustomizer@63798ca7, org.springframework.boot.test.json.DuplicateJsonObjectContextCustomizerFactory$DuplicateJsonObjectContextCustomizer@2a448449, org.springframework.boot.test.mock.mockito.MockitoContextCustomizer@0, org.springframework.boot.test.context.SpringBootTestArgs@1, org.springframework.boot.test.context.SpringBootTestWebEnvironment@0], contextLoader = 'org.springframework.boot.test.context.SpringBootContextLoader', parent = [null]], attributes = map['org.springframework.test.context.event.ApplicationEventsTestExecutionListener.recordApplicationEvents' -> false]]; transaction manager [org.springframework.orm.jpa.JpaTransactionManager@3fd7be2d]; rollback [true]
Hibernate: select product0_.id as id1_3_0_, product0_.name as name2_3_0_, product0_.price as price3_3_0_ from product product0_ where product0_.id=?
Hibernate: select product0_.id as id1_3_0_, product0_.name as name2_3_0_, product0_.price as price3_3_0_ from product product0_ where product0_.id=?
2022-09-17 14:26:47.261  INFO 50482 --- [    Test worker] o.s.t.c.transaction.TransactionContext   : Rolled back transaction for test: [DefaultTestContext@4edea6b4 testClass = ProductRepositoryUnitTests, testInstance = com.example.testing.domain.product.unit.ProductRepositoryUnitTests@52df4036, testMethod = findById_requestProductById_expectProduct@ProductRepositoryUnitTests, testException = [null], mergedContextConfiguration = [MergedContextConfiguration@4b96b0bd testClass = ProductRepositoryUnitTests, locations = '{}', classes = '{class com.example.testing.TestingApplication}', contextInitializerClasses = '[]', activeProfiles = '{}', propertySourceLocations = '{}', propertySourceProperties = '{org.springframework.boot.test.autoconfigure.orm.jpa.DataJpaTestContextBootstrapper=true}', contextCustomizers = set[org.springframework.boot.test.autoconfigure.OverrideAutoConfigurationContextCustomizerFactory$DisableAutoConfigurationContextCustomizer@46135aba, org.springframework.boot.test.autoconfigure.actuate.metrics.MetricsExportContextCustomizerFactory$DisableMetricExportContextCustomizer@1f3f02ee, org.springframework.boot.test.autoconfigure.filter.TypeExcludeFiltersContextCustomizer@351584c0, org.springframework.boot.test.autoconfigure.properties.PropertyMappingContextCustomizer@ec73bdee, org.springframework.boot.test.autoconfigure.web.servlet.WebDriverContextCustomizerFactory$Customizer@6a55299e, [ImportsContextCustomizer@487befb key = [org.springframework.boot.autoconfigure.cache.CacheAutoConfiguration, org.springframework.boot.autoconfigure.data.jpa.JpaRepositoriesAutoConfiguration, org.springframework.boot.autoconfigure.flyway.FlywayAutoConfiguration, org.springframework.boot.autoconfigure.jdbc.DataSourceAutoConfiguration, org.springframework.boot.autoconfigure.jdbc.DataSourceTransactionManagerAutoConfiguration, org.springframework.boot.autoconfigure.jdbc.JdbcTemplateAutoConfiguration, org.springframework.boot.autoconfigure.liquibase.LiquibaseAutoConfiguration, org.springframework.boot.autoconfigure.orm.jpa.HibernateJpaAutoConfiguration, org.springframework.boot.autoconfigure.sql.init.SqlInitializationAutoConfiguration, org.springframework.boot.autoconfigure.transaction.TransactionAutoConfiguration, org.springframework.boot.test.autoconfigure.jdbc.TestDatabaseAutoConfiguration, org.springframework.boot.test.autoconfigure.orm.jpa.TestEntityManagerAutoConfiguration]], org.springframework.boot.test.context.filter.ExcludeFilterContextCustomizer@63798ca7, org.springframework.boot.test.json.DuplicateJsonObjectContextCustomizerFactory$DuplicateJsonObjectContextCustomizer@2a448449, org.springframework.boot.test.mock.mockito.MockitoContextCustomizer@0, org.springframework.boot.test.context.SpringBootTestArgs@1, org.springframework.boot.test.context.SpringBootTestWebEnvironment@0], contextLoader = 'org.springframework.boot.test.context.SpringBootContextLoader', parent = [null]], attributes = map['org.springframework.test.context.event.ApplicationEventsTestExecutionListener.recordApplicationEvents' -> false]]
2022-09-17 14:26:47.262  INFO 50482 --- [    Test worker] j.LocalContainerEntityManagerFactoryBean : Closing JPA EntityManagerFactory for persistence unit 'default'
2022-09-17 14:26:47.262  INFO 50482 --- [    Test worker] .SchemaDropperImpl$DelayedDropActionImpl : HHH000477: Starting delayed evictData of schema as part of SessionFactory shut-down'
Hibernate: drop table if exists authority CASCADE 
Hibernate: drop table if exists ordering CASCADE 
Hibernate: drop table if exists ordering_position CASCADE 
Hibernate: drop table if exists product CASCADE 
Hibernate: drop table if exists role CASCADE 
Hibernate: drop table if exists role_authority CASCADE 
Hibernate: drop table if exists users CASCADE 
Hibernate: drop table if exists users_role CASCADE 

  .   ____          _            __ _ _
 /\\ / ___'_ __ _ _(_)_ __  __ _ \ \ \ \
( ( )\___ | '_ | '_| | '_ \/ _` | \ \ \ \
 \\/  ___)| |_)| | | | | || (_| |  ) ) ) )
  '  |____| .__|_| |_|_| |_\__, | / / / /
 =========|_|==============|___/=/_/_/_/
 :: Spring Boot ::                (v2.7.3)

2022-09-17 14:26:47.270  INFO 50482 --- [    Test worker] c.e.t.d.p.u.ProductRepositoryUnitTests   : Starting ProductRepositoryUnitTests using Java 18.0.2 on Yvess-MacBook-Pro.local with PID 50482 (started by yves in /Users/yves/Desktop/SpringBoot_Testing)
2022-09-17 14:26:47.270  INFO 50482 --- [    Test worker] c.e.t.d.p.u.ProductRepositoryUnitTests   : No active profile set, falling back to 1 default profile: "default"
2022-09-17 14:26:47.288  INFO 50482 --- [    Test worker] .s.d.r.c.RepositoryConfigurationDelegate : Bootstrapping Spring Data JPA repositories in DEFAULT mode.
2022-09-17 14:26:47.294  INFO 50482 --- [    Test worker] .s.d.r.c.RepositoryConfigurationDelegate : Finished Spring Data repository scanning in 5 ms. Found 7 JPA repository interfaces.
2022-09-17 14:26:47.297  INFO 50482 --- [    Test worker] beddedDataSourceBeanFactoryPostProcessor : Replacing 'dataSource' DataSource bean with embedded version
2022-09-17 14:26:47.303  INFO 50482 --- [    Test worker] o.s.j.d.e.EmbeddedDatabaseFactory        : Starting embedded database: url='jdbc:h2:mem:6a9ade67-1393-4af9-a0c2-81854a630543;DB_CLOSE_DELAY=-1;DB_CLOSE_ON_EXIT=false', username='sa'
2022-09-17 14:26:47.311  INFO 50482 --- [    Test worker] o.hibernate.jpa.internal.util.LogHelper  : HHH000204: Processing PersistenceUnitInfo [name: default]
2022-09-17 14:26:47.313  INFO 50482 --- [    Test worker] org.hibernate.dialect.Dialect            : HHH000400: Using dialect: org.hibernate.dialect.H2Dialect
Hibernate: drop table if exists authority CASCADE 
Hibernate: drop table if exists ordering CASCADE 
Hibernate: drop table if exists ordering_position CASCADE 
Hibernate: drop table if exists product CASCADE 
Hibernate: drop table if exists role CASCADE 
Hibernate: drop table if exists role_authority CASCADE 
Hibernate: drop table if exists users CASCADE 
Hibernate: drop table if exists users_role CASCADE 
Hibernate: create table authority (id varchar(255) not null, name varchar(255) not null, primary key (id))
Hibernate: create table ordering (id varchar(255) not null, primary key (id))
Hibernate: create table ordering_position (id varchar(255) not null, amount integer not null, ordering_id varchar(255) not null, product_id varchar(255) not null, primary key (id))
Hibernate: create table product (id varchar(255) not null, name varchar(255), price integer, primary key (id))
Hibernate: create table role (id varchar(255) not null, name varchar(255) not null, primary key (id))
Hibernate: create table role_authority (role_id varchar(255) not null, authority_id varchar(255) not null, primary key (role_id, authority_id))
Hibernate: create table users (id varchar(255) not null, email varchar(255) not null, first_name varchar(255), last_name varchar(255), password varchar(255), primary key (id))
Hibernate: create table users_role (users_id varchar(255) not null, role_id varchar(255) not null, primary key (users_id, role_id))
Hibernate: alter table authority add constraint UK_jdeu5vgpb8k5ptsqhrvamuad2 unique (name)
Hibernate: alter table product add constraint UK_jmivyxk9rmgysrmsqw15lqr5b unique (name)
Hibernate: alter table role add constraint UK_8sewwnpamngi6b1dwaa88askk unique (name)
Hibernate: alter table users add constraint UK_6dotkott2kjsp8vw4d0m25fb7 unique (email)
Hibernate: alter table ordering_position add constraint FKggwsyqtres7u5d436cd1envrr foreign key (ordering_id) references ordering
Hibernate: alter table ordering_position add constraint FK9jcjexogeohjcpcf24tkkgl6g foreign key (product_id) references product
Hibernate: alter table role_authority add constraint FKqbri833f7xop13bvdje3xxtnw foreign key (authority_id) references authority
Hibernate: alter table role_authority add constraint FK2052966dco7y9f97s1a824bj1 foreign key (role_id) references role
Hibernate: alter table users_role add constraint FK3qjq7qsiigxa82jgk0i0wuq3g foreign key (role_id) references role
Hibernate: alter table users_role add constraint FKiu0xsee0dmwa28nffgyf4bcvc foreign key (users_id) references users
2022-09-17 14:26:47.338  INFO 50482 --- [    Test worker] o.h.e.t.j.p.i.JtaPlatformInitiator       : HHH000490: Using JtaPlatform implementation: [org.hibernate.engine.transaction.jta.platform.internal.NoJtaPlatform]
2022-09-17 14:26:47.338  INFO 50482 --- [    Test worker] j.LocalContainerEntityManagerFactoryBean : Initialized JPA EntityManagerFactory for persistence unit 'default'
2022-09-17 14:26:47.375  INFO 50482 --- [    Test worker] c.e.t.d.p.u.ProductRepositoryUnitTests   : Started ProductRepositoryUnitTests in 0.11 seconds (JVM running for 4.39)
2022-09-17 14:26:47.376  INFO 50482 --- [    Test worker] o.s.t.c.transaction.TransactionContext   : Began transaction (1) for test context [DefaultTestContext@4edea6b4 testClass = ProductRepositoryUnitTests, testInstance = com.example.testing.domain.product.unit.ProductRepositoryUnitTests@2935042e, testMethod = findAll_requestAllProducts_expectAllProducts@ProductRepositoryUnitTests, testException = [null], mergedContextConfiguration = [MergedContextConfiguration@4b96b0bd testClass = ProductRepositoryUnitTests, locations = '{}', classes = '{class com.example.testing.TestingApplication}', contextInitializerClasses = '[]', activeProfiles = '{}', propertySourceLocations = '{}', propertySourceProperties = '{org.springframework.boot.test.autoconfigure.orm.jpa.DataJpaTestContextBootstrapper=true}', contextCustomizers = set[org.springframework.boot.test.autoconfigure.OverrideAutoConfigurationContextCustomizerFactory$DisableAutoConfigurationContextCustomizer@46135aba, org.springframework.boot.test.autoconfigure.actuate.metrics.MetricsExportContextCustomizerFactory$DisableMetricExportContextCustomizer@1f3f02ee, org.springframework.boot.test.autoconfigure.filter.TypeExcludeFiltersContextCustomizer@351584c0, org.springframework.boot.test.autoconfigure.properties.PropertyMappingContextCustomizer@ec73bdee, org.springframework.boot.test.autoconfigure.web.servlet.WebDriverContextCustomizerFactory$Customizer@6a55299e, [ImportsContextCustomizer@487befb key = [org.springframework.boot.autoconfigure.cache.CacheAutoConfiguration, org.springframework.boot.autoconfigure.data.jpa.JpaRepositoriesAutoConfiguration, org.springframework.boot.autoconfigure.flyway.FlywayAutoConfiguration, org.springframework.boot.autoconfigure.jdbc.DataSourceAutoConfiguration, org.springframework.boot.autoconfigure.jdbc.DataSourceTransactionManagerAutoConfiguration, org.springframework.boot.autoconfigure.jdbc.JdbcTemplateAutoConfiguration, org.springframework.boot.autoconfigure.liquibase.LiquibaseAutoConfiguration, org.springframework.boot.autoconfigure.orm.jpa.HibernateJpaAutoConfiguration, org.springframework.boot.autoconfigure.sql.init.SqlInitializationAutoConfiguration, org.springframework.boot.autoconfigure.transaction.TransactionAutoConfiguration, org.springframework.boot.test.autoconfigure.jdbc.TestDatabaseAutoConfiguration, org.springframework.boot.test.autoconfigure.orm.jpa.TestEntityManagerAutoConfiguration]], org.springframework.boot.test.context.filter.ExcludeFilterContextCustomizer@63798ca7, org.springframework.boot.test.json.DuplicateJsonObjectContextCustomizerFactory$DuplicateJsonObjectContextCustomizer@2a448449, org.springframework.boot.test.mock.mockito.MockitoContextCustomizer@0, org.springframework.boot.test.context.SpringBootTestArgs@1, org.springframework.boot.test.context.SpringBootTestWebEnvironment@0], contextLoader = 'org.springframework.boot.test.context.SpringBootContextLoader', parent = [null]], attributes = map['org.springframework.test.context.event.ApplicationEventsTestExecutionListener.recordApplicationEvents' -> false]]; transaction manager [org.springframework.orm.jpa.JpaTransactionManager@4140f94c]; rollback [true]
Hibernate: select product0_.id as id1_3_0_, product0_.name as name2_3_0_, product0_.price as price3_3_0_ from product product0_ where product0_.id=?
Hibernate: select product0_.id as id1_3_0_, product0_.name as name2_3_0_, product0_.price as price3_3_0_ from product product0_ where product0_.id=?
Hibernate: insert into product (name, price, id) values (?, ?, ?)
Hibernate: insert into product (name, price, id) values (?, ?, ?)
Hibernate: select product0_.id as id1_3_, product0_.name as name2_3_, product0_.price as price3_3_ from product product0_
2022-09-17 14:26:47.382  INFO 50482 --- [    Test worker] o.s.t.c.transaction.TransactionContext   : Rolled back transaction for test: [DefaultTestContext@4edea6b4 testClass = ProductRepositoryUnitTests, testInstance = com.example.testing.domain.product.unit.ProductRepositoryUnitTests@2935042e, testMethod = findAll_requestAllProducts_expectAllProducts@ProductRepositoryUnitTests, testException = [null], mergedContextConfiguration = [MergedContextConfiguration@4b96b0bd testClass = ProductRepositoryUnitTests, locations = '{}', classes = '{class com.example.testing.TestingApplication}', contextInitializerClasses = '[]', activeProfiles = '{}', propertySourceLocations = '{}', propertySourceProperties = '{org.springframework.boot.test.autoconfigure.orm.jpa.DataJpaTestContextBootstrapper=true}', contextCustomizers = set[org.springframework.boot.test.autoconfigure.OverrideAutoConfigurationContextCustomizerFactory$DisableAutoConfigurationContextCustomizer@46135aba, org.springframework.boot.test.autoconfigure.actuate.metrics.MetricsExportContextCustomizerFactory$DisableMetricExportContextCustomizer@1f3f02ee, org.springframework.boot.test.autoconfigure.filter.TypeExcludeFiltersContextCustomizer@351584c0, org.springframework.boot.test.autoconfigure.properties.PropertyMappingContextCustomizer@ec73bdee, org.springframework.boot.test.autoconfigure.web.servlet.WebDriverContextCustomizerFactory$Customizer@6a55299e, [ImportsContextCustomizer@487befb key = [org.springframework.boot.autoconfigure.cache.CacheAutoConfiguration, org.springframework.boot.autoconfigure.data.jpa.JpaRepositoriesAutoConfiguration, org.springframework.boot.autoconfigure.flyway.FlywayAutoConfiguration, org.springframework.boot.autoconfigure.jdbc.DataSourceAutoConfiguration, org.springframework.boot.autoconfigure.jdbc.DataSourceTransactionManagerAutoConfiguration, org.springframework.boot.autoconfigure.jdbc.JdbcTemplateAutoConfiguration, org.springframework.boot.autoconfigure.liquibase.LiquibaseAutoConfiguration, org.springframework.boot.autoconfigure.orm.jpa.HibernateJpaAutoConfiguration, org.springframework.boot.autoconfigure.sql.init.SqlInitializationAutoConfiguration, org.springframework.boot.autoconfigure.transaction.TransactionAutoConfiguration, org.springframework.boot.test.autoconfigure.jdbc.TestDatabaseAutoConfiguration, org.springframework.boot.test.autoconfigure.orm.jpa.TestEntityManagerAutoConfiguration]], org.springframework.boot.test.context.filter.ExcludeFilterContextCustomizer@63798ca7, org.springframework.boot.test.json.DuplicateJsonObjectContextCustomizerFactory$DuplicateJsonObjectContextCustomizer@2a448449, org.springframework.boot.test.mock.mockito.MockitoContextCustomizer@0, org.springframework.boot.test.context.SpringBootTestArgs@1, org.springframework.boot.test.context.SpringBootTestWebEnvironment@0], contextLoader = 'org.springframework.boot.test.context.SpringBootContextLoader', parent = [null]], attributes = map['org.springframework.test.context.event.ApplicationEventsTestExecutionListener.recordApplicationEvents' -> false]]
]]></system-out>
  <system-err><![CDATA[]]></system-err>
</testsuite>
