<?xml version="1.0" encoding="UTF-8"?>
<testsuite name="com.example.testing.domain.product.integration.ProductIntegrationTests" tests="5" skipped="3" failures="0" errors="0" timestamp="2022-09-17T12:26:45" hostname="Yvess-MacBook-Pro.local" time="1.049">
  <properties/>
  <testcase name="updateProduct_requestProductDTOToBeUpdated_expectUpdatedProductDTO()" classname="com.example.testing.domain.product.integration.ProductIntegrationTests" time="0.0">
    <skipped/>
  </testcase>
  <testcase name="retrieveAll_requestAllProducts_expectAllProductsAsDTOS()" classname="com.example.testing.domain.product.integration.ProductIntegrationTests" time="0.661"/>
  <testcase name="deleteProductById_requestDeletionOfProductById_expectAppropriateState()" classname="com.example.testing.domain.product.integration.ProductIntegrationTests" time="0.0">
    <skipped/>
  </testcase>
  <testcase name="retrieveById_requestProductById_expectProductAsDTO()" classname="com.example.testing.domain.product.integration.ProductIntegrationTests" time="0.387"/>
  <testcase name="create_requestProductDTOToBeCreated_expectCreatedProductAsDTO()" classname="com.example.testing.domain.product.integration.ProductIntegrationTests" time="0.0">
    <skipped/>
  </testcase>
  <system-out><![CDATA[14:26:43.301 [Test worker] DEBUG org.springframework.test.context.BootstrapUtils - Instantiating CacheAwareContextLoaderDelegate from class [org.springframework.test.context.cache.DefaultCacheAwareContextLoaderDelegate]
14:26:43.305 [Test worker] DEBUG org.springframework.test.context.BootstrapUtils - Instantiating BootstrapContext using constructor [public org.springframework.test.context.support.DefaultBootstrapContext(java.lang.Class,org.springframework.test.context.CacheAwareContextLoaderDelegate)]
14:26:43.321 [Test worker] DEBUG org.springframework.test.context.BootstrapUtils - Instantiating TestContextBootstrapper for test class [com.example.testing.domain.product.integration.ProductIntegrationTests] from class [org.springframework.boot.test.context.SpringBootTestContextBootstrapper]
14:26:43.325 [Test worker] INFO org.springframework.boot.test.context.SpringBootTestContextBootstrapper - Neither @ContextConfiguration nor @ContextHierarchy found for test class [com.example.testing.domain.product.integration.ProductIntegrationTests], using SpringBootContextLoader
14:26:43.327 [Test worker] DEBUG org.springframework.test.context.support.AbstractContextLoader - Did not detect default resource location for test class [com.example.testing.domain.product.integration.ProductIntegrationTests]: class path resource [com/example/testing/domain/product/integration/ProductIntegrationTests-context.xml] does not exist
14:26:43.327 [Test worker] DEBUG org.springframework.test.context.support.AbstractContextLoader - Did not detect default resource location for test class [com.example.testing.domain.product.integration.ProductIntegrationTests]: class path resource [com/example/testing/domain/product/integration/ProductIntegrationTestsContext.groovy] does not exist
14:26:43.327 [Test worker] INFO org.springframework.test.context.support.AbstractContextLoader - Could not detect default resource locations for test class [com.example.testing.domain.product.integration.ProductIntegrationTests]: no resource found for suffixes {-context.xml, Context.groovy}.
14:26:43.327 [Test worker] INFO org.springframework.test.context.support.AnnotationConfigContextLoaderUtils - Could not detect default configuration classes for test class [com.example.testing.domain.product.integration.ProductIntegrationTests]: ProductIntegrationTests does not declare any static, non-private, non-final, nested classes annotated with @Configuration.
14:26:43.375 [Test worker] DEBUG org.springframework.context.annotation.ClassPathScanningCandidateComponentProvider - Identified candidate component class: file [/Users/yves/Desktop/SpringBoot_Testing/build/classes/java/main/com/example/testing/TestingApplication.class]
14:26:43.376 [Test worker] INFO org.springframework.boot.test.context.SpringBootTestContextBootstrapper - Found @SpringBootConfiguration com.example.testing.TestingApplication for test class com.example.testing.domain.product.integration.ProductIntegrationTests
14:26:43.407 [Test worker] DEBUG org.springframework.boot.test.context.SpringBootTestContextBootstrapper - @TestExecutionListeners is not present for class [com.example.testing.domain.product.integration.ProductIntegrationTests]: using defaults.
14:26:43.407 [Test worker] INFO org.springframework.boot.test.context.SpringBootTestContextBootstrapper - Loaded default TestExecutionListener class names from location [META-INF/spring.factories]: [org.springframework.security.test.context.support.WithSecurityContextTestExecutionListener, org.springframework.security.test.context.support.ReactorContextTestExecutionListener, org.springframework.boot.test.autoconfigure.restdocs.RestDocsTestExecutionListener, org.springframework.boot.test.autoconfigure.web.client.MockRestServiceServerResetTestExecutionListener, org.springframework.boot.test.autoconfigure.web.servlet.MockMvcPrintOnlyOnFailureTestExecutionListener, org.springframework.boot.test.autoconfigure.web.servlet.WebDriverTestExecutionListener, org.springframework.boot.test.autoconfigure.webservices.client.MockWebServiceServerTestExecutionListener, org.springframework.boot.test.mock.mockito.MockitoTestExecutionListener, org.springframework.boot.test.mock.mockito.ResetMocksTestExecutionListener, org.springframework.test.context.web.ServletTestExecutionListener, org.springframework.test.context.support.DirtiesContextBeforeModesTestExecutionListener, org.springframework.test.context.event.ApplicationEventsTestExecutionListener, org.springframework.test.context.support.DependencyInjectionTestExecutionListener, org.springframework.test.context.support.DirtiesContextTestExecutionListener, org.springframework.test.context.transaction.TransactionalTestExecutionListener, org.springframework.test.context.jdbc.SqlScriptsTestExecutionListener, org.springframework.test.context.event.EventPublishingTestExecutionListener]
14:26:43.415 [Test worker] INFO org.springframework.boot.test.context.SpringBootTestContextBootstrapper - Using TestExecutionListeners: [org.springframework.test.context.web.ServletTestExecutionListener@3e2943ab, org.springframework.test.context.support.DirtiesContextBeforeModesTestExecutionListener@70dd7e15, org.springframework.test.context.event.ApplicationEventsTestExecutionListener@4a9f80d3, org.springframework.boot.test.mock.mockito.MockitoTestExecutionListener@35beb15e, org.springframework.boot.test.autoconfigure.SpringBootDependencyInjectionTestExecutionListener@41fe9859, org.springframework.test.context.support.DirtiesContextTestExecutionListener@5ac86ba5, org.springframework.test.context.transaction.TransactionalTestExecutionListener@6c67e137, org.springframework.test.context.jdbc.SqlScriptsTestExecutionListener@2c9399a4, org.springframework.security.test.context.support.WithSecurityContextTestExecutionListener@191ae03f, org.springframework.test.context.event.EventPublishingTestExecutionListener@9635fa, org.springframework.security.test.context.support.ReactorContextTestExecutionListener@53ab0286, org.springframework.boot.test.autoconfigure.restdocs.RestDocsTestExecutionListener@63c5efee, org.springframework.boot.test.autoconfigure.web.client.MockRestServiceServerResetTestExecutionListener@2d10e0b1, org.springframework.boot.test.autoconfigure.web.servlet.MockMvcPrintOnlyOnFailureTestExecutionListener@1c98290c, org.springframework.boot.test.autoconfigure.web.servlet.WebDriverTestExecutionListener@172ca72b, org.springframework.boot.test.autoconfigure.webservices.client.MockWebServiceServerTestExecutionListener@5bda80bf, org.springframework.boot.test.mock.mockito.ResetMocksTestExecutionListener@71e5f61d]
14:26:43.416 [Test worker] DEBUG org.springframework.test.context.support.AbstractDirtiesContextTestExecutionListener - Before test class: context [DefaultTestContext@62679465 testClass = ProductIntegrationTests, testInstance = [null], testMethod = [null], testException = [null], mergedContextConfiguration = [WebMergedContextConfiguration@6a988392 testClass = ProductIntegrationTests, locations = '{}', classes = '{class com.example.testing.TestingApplication}', contextInitializerClasses = '[]', activeProfiles = '{test}', propertySourceLocations = '{}', propertySourceProperties = '{org.springframework.boot.test.context.SpringBootTestContextBootstrapper=true}', contextCustomizers = set[org.springframework.boot.test.autoconfigure.actuate.metrics.MetricsExportContextCustomizerFactory$DisableMetricExportContextCustomizer@1f3f02ee, org.springframework.boot.test.autoconfigure.properties.PropertyMappingContextCustomizer@4b3fa0b3, org.springframework.boot.test.autoconfigure.web.servlet.WebDriverContextCustomizerFactory$Customizer@6a55299e, [ImportsContextCustomizer@1d71006f key = [org.springframework.boot.test.autoconfigure.web.servlet.MockMvcAutoConfiguration, org.springframework.boot.test.autoconfigure.web.servlet.MockMvcWebClientAutoConfiguration, org.springframework.boot.test.autoconfigure.web.servlet.MockMvcWebDriverAutoConfiguration, org.springframework.boot.autoconfigure.security.oauth2.client.servlet.OAuth2ClientAutoConfiguration, org.springframework.boot.autoconfigure.security.oauth2.resource.servlet.OAuth2ResourceServerAutoConfiguration, org.springframework.boot.autoconfigure.security.servlet.SecurityAutoConfiguration, org.springframework.boot.autoconfigure.security.servlet.SecurityFilterAutoConfiguration, org.springframework.boot.autoconfigure.security.servlet.UserDetailsServiceAutoConfiguration, org.springframework.boot.test.autoconfigure.web.servlet.MockMvcSecurityConfiguration, org.springframework.boot.test.autoconfigure.web.reactive.WebTestClientAutoConfiguration]], org.springframework.boot.test.context.filter.ExcludeFilterContextCustomizer@63798ca7, org.springframework.boot.test.json.DuplicateJsonObjectContextCustomizerFactory$DuplicateJsonObjectContextCustomizer@2a448449, org.springframework.boot.test.mock.mockito.MockitoContextCustomizer@0, org.springframework.boot.test.web.client.TestRestTemplateContextCustomizer@4758820d, org.springframework.boot.test.context.SpringBootTestArgs@1, org.springframework.boot.test.context.SpringBootTestWebEnvironment@5ab9e72c], resourceBasePath = 'src/main/webapp', contextLoader = 'org.springframework.boot.test.context.SpringBootContextLoader', parent = [null]], attributes = map['org.springframework.test.context.web.ServletTestExecutionListener.activateListener' -> true]], class annotated with @DirtiesContext [true] with mode [BEFORE_EACH_TEST_METHOD].

  .   ____          _            __ _ _
 /\\ / ___'_ __ _ _(_)_ __  __ _ \ \ \ \
( ( )\___ | '_ | '_| | '_ \/ _` | \ \ \ \
 \\/  ___)| |_)| | | | | || (_| |  ) ) ) )
  '  |____| .__|_| |_|_| |_\__, | / / / /
 =========|_|==============|___/=/_/_/_/
 :: Spring Boot ::                (v2.7.3)

2022-09-17 14:26:43.772  INFO 50482 --- [    Test worker] c.e.t.d.p.i.ProductIntegrationTests      : Starting ProductIntegrationTests using Java 18.0.2 on Yvess-MacBook-Pro.local with PID 50482 (started by yves in /Users/yves/Desktop/SpringBoot_Testing)
2022-09-17 14:26:43.773  INFO 50482 --- [    Test worker] c.e.t.d.p.i.ProductIntegrationTests      : The following 1 profile is active: "test"
2022-09-17 14:26:44.044  INFO 50482 --- [    Test worker] .s.d.r.c.RepositoryConfigurationDelegate : Bootstrapping Spring Data JPA repositories in DEFAULT mode.
2022-09-17 14:26:44.081  INFO 50482 --- [    Test worker] .s.d.r.c.RepositoryConfigurationDelegate : Finished Spring Data repository scanning in 33 ms. Found 7 JPA repository interfaces.
2022-09-17 14:26:44.322  INFO 50482 --- [    Test worker] o.hibernate.jpa.internal.util.LogHelper  : HHH000204: Processing PersistenceUnitInfo [name: default]
2022-09-17 14:26:44.342  INFO 50482 --- [    Test worker] org.hibernate.Version                    : HHH000412: Hibernate ORM core version 5.6.10.Final
2022-09-17 14:26:44.410  INFO 50482 --- [    Test worker] o.hibernate.annotations.common.Version   : HCANN000001: Hibernate Commons Annotations {5.1.2.Final}
2022-09-17 14:26:44.447  INFO 50482 --- [    Test worker] com.zaxxer.hikari.HikariDataSource       : HikariPool-1 - Starting...
2022-09-17 14:26:44.526  INFO 50482 --- [    Test worker] com.zaxxer.hikari.HikariDataSource       : HikariPool-1 - Start completed.
2022-09-17 14:26:44.532  INFO 50482 --- [    Test worker] org.hibernate.dialect.Dialect            : HHH000400: Using dialect: org.hibernate.dialect.H2Dialect
2022-09-17 14:26:44.807  INFO 50482 --- [    Test worker] o.h.e.t.j.p.i.JtaPlatformInitiator       : HHH000490: Using JtaPlatform implementation: [org.hibernate.engine.transaction.jta.platform.internal.NoJtaPlatform]
2022-09-17 14:26:44.810  INFO 50482 --- [    Test worker] j.LocalContainerEntityManagerFactoryBean : Initialized JPA EntityManagerFactory for persistence unit 'default'
2022-09-17 14:26:45.140  INFO 50482 --- [    Test worker] o.s.s.web.DefaultSecurityFilterChain     : Will secure any request with [org.springframework.security.web.session.DisableEncodeUrlFilter@3c04ddda, org.springframework.security.web.context.request.async.WebAsyncManagerIntegrationFilter@78c23ade, org.springframework.security.web.context.SecurityContextPersistenceFilter@2a5ed225, org.springframework.security.web.header.HeaderWriterFilter@6f926d01, org.springframework.web.filter.CorsFilter@7ac1161f, org.springframework.security.web.authentication.logout.LogoutFilter@38d308e7, com.example.testing.core.security.CustomAuthenticationFilter@4f5bfbca, com.example.testing.core.security.CustomAuthorizationFilter@552b15f6, org.springframework.security.web.savedrequest.RequestCacheAwareFilter@3ff3275b, org.springframework.security.web.servletapi.SecurityContextHolderAwareRequestFilter@63e0057a, org.springframework.security.web.authentication.AnonymousAuthenticationFilter@3cd6d147, org.springframework.security.web.session.SessionManagementFilter@58720eb9, org.springframework.security.web.access.ExceptionTranslationFilter@5ab3f611, org.springframework.security.web.access.intercept.FilterSecurityInterceptor@6af29394]
2022-09-17 14:26:45.239  WARN 50482 --- [    Test worker] JpaBaseConfiguration$JpaWebConfiguration : spring.jpa.open-in-view is enabled by default. Therefore, database queries may be performed during view rendering. Explicitly configure spring.jpa.open-in-view to disable this warning
2022-09-17 14:26:45.478  INFO 50482 --- [    Test worker] o.s.b.t.m.w.SpringBootMockServletContext : Initializing Spring TestDispatcherServlet ''
2022-09-17 14:26:45.478  INFO 50482 --- [    Test worker] o.s.t.web.servlet.TestDispatcherServlet  : Initializing Servlet ''
2022-09-17 14:26:45.479  INFO 50482 --- [    Test worker] o.s.t.web.servlet.TestDispatcherServlet  : Completed initialization in 1 ms
2022-09-17 14:26:45.492  INFO 50482 --- [    Test worker] c.e.t.d.p.i.ProductIntegrationTests      : Started ProductIntegrationTests in 2.061 seconds (JVM running for 2.507)
2022-09-17 14:26:45.507  INFO 50482 --- [    Test worker] j.LocalContainerEntityManagerFactoryBean : Closing JPA EntityManagerFactory for persistence unit 'default'
2022-09-17 14:26:45.507  INFO 50482 --- [    Test worker] .SchemaDropperImpl$DelayedDropActionImpl : HHH000477: Starting delayed evictData of schema as part of SessionFactory shut-down'
2022-09-17 14:26:45.511  INFO 50482 --- [    Test worker] com.zaxxer.hikari.HikariDataSource       : HikariPool-1 - Shutdown initiated...
2022-09-17 14:26:45.512  INFO 50482 --- [    Test worker] com.zaxxer.hikari.HikariDataSource       : HikariPool-1 - Shutdown completed.

  .   ____          _            __ _ _
 /\\ / ___'_ __ _ _(_)_ __  __ _ \ \ \ \
( ( )\___ | '_ | '_| | '_ \/ _` | \ \ \ \
 \\/  ___)| |_)| | | | | || (_| |  ) ) ) )
  '  |____| .__|_| |_|_| |_\__, | / / / /
 =========|_|==============|___/=/_/_/_/
 :: Spring Boot ::                (v2.7.3)

2022-09-17 14:26:45.522  INFO 50482 --- [    Test worker] c.e.t.d.p.i.ProductIntegrationTests      : Starting ProductIntegrationTests using Java 18.0.2 on Yvess-MacBook-Pro.local with PID 50482 (started by yves in /Users/yves/Desktop/SpringBoot_Testing)
2022-09-17 14:26:45.522  INFO 50482 --- [    Test worker] c.e.t.d.p.i.ProductIntegrationTests      : The following 1 profile is active: "test"
2022-09-17 14:26:45.588  INFO 50482 --- [    Test worker] .s.d.r.c.RepositoryConfigurationDelegate : Bootstrapping Spring Data JPA repositories in DEFAULT mode.
2022-09-17 14:26:45.598  INFO 50482 --- [    Test worker] .s.d.r.c.RepositoryConfigurationDelegate : Finished Spring Data repository scanning in 9 ms. Found 7 JPA repository interfaces.
2022-09-17 14:26:45.648  INFO 50482 --- [    Test worker] o.hibernate.jpa.internal.util.LogHelper  : HHH000204: Processing PersistenceUnitInfo [name: default]
2022-09-17 14:26:45.650  INFO 50482 --- [    Test worker] com.zaxxer.hikari.HikariDataSource       : HikariPool-2 - Starting...
2022-09-17 14:26:45.651  INFO 50482 --- [    Test worker] com.zaxxer.hikari.HikariDataSource       : HikariPool-2 - Start completed.
2022-09-17 14:26:45.652  INFO 50482 --- [    Test worker] org.hibernate.dialect.Dialect            : HHH000400: Using dialect: org.hibernate.dialect.H2Dialect
2022-09-17 14:26:45.691  INFO 50482 --- [    Test worker] o.h.e.t.j.p.i.JtaPlatformInitiator       : HHH000490: Using JtaPlatform implementation: [org.hibernate.engine.transaction.jta.platform.internal.NoJtaPlatform]
2022-09-17 14:26:45.691  INFO 50482 --- [    Test worker] j.LocalContainerEntityManagerFactoryBean : Initialized JPA EntityManagerFactory for persistence unit 'default'
2022-09-17 14:26:45.785  INFO 50482 --- [    Test worker] o.s.s.web.DefaultSecurityFilterChain     : Will secure any request with [org.springframework.security.web.session.DisableEncodeUrlFilter@7ecf4608, org.springframework.security.web.context.request.async.WebAsyncManagerIntegrationFilter@32c114d9, org.springframework.security.web.context.SecurityContextPersistenceFilter@41db6e4b, org.springframework.security.web.header.HeaderWriterFilter@3a70acd5, org.springframework.web.filter.CorsFilter@73f6ffb1, org.springframework.security.web.authentication.logout.LogoutFilter@4c7d19bf, com.example.testing.core.security.CustomAuthenticationFilter@4505ec36, com.example.testing.core.security.CustomAuthorizationFilter@41fe0d98, org.springframework.security.web.savedrequest.RequestCacheAwareFilter@5367d46f, org.springframework.security.web.servletapi.SecurityContextHolderAwareRequestFilter@6c4eccd2, org.springframework.security.web.authentication.AnonymousAuthenticationFilter@7b23aea2, org.springframework.security.web.session.SessionManagementFilter@475fb7, org.springframework.security.web.access.ExceptionTranslationFilter@628e0403, org.springframework.security.web.access.intercept.FilterSecurityInterceptor@34c050a1]
2022-09-17 14:26:45.819  WARN 50482 --- [    Test worker] JpaBaseConfiguration$JpaWebConfiguration : spring.jpa.open-in-view is enabled by default. Therefore, database queries may be performed during view rendering. Explicitly configure spring.jpa.open-in-view to disable this warning
2022-09-17 14:26:45.917  INFO 50482 --- [    Test worker] o.s.b.t.m.w.SpringBootMockServletContext : Initializing Spring TestDispatcherServlet ''
2022-09-17 14:26:45.917  INFO 50482 --- [    Test worker] o.s.t.web.servlet.TestDispatcherServlet  : Initializing Servlet ''
2022-09-17 14:26:45.918  INFO 50482 --- [    Test worker] o.s.t.web.servlet.TestDispatcherServlet  : Completed initialization in 1 ms
2022-09-17 14:26:45.922  INFO 50482 --- [    Test worker] c.e.t.d.p.i.ProductIntegrationTests      : Started ProductIntegrationTests in 0.409 seconds (JVM running for 2.937)
2022-09-17 14:26:46.166  INFO 50482 --- [    Test worker] j.LocalContainerEntityManagerFactoryBean : Closing JPA EntityManagerFactory for persistence unit 'default'
2022-09-17 14:26:46.167  INFO 50482 --- [    Test worker] .SchemaDropperImpl$DelayedDropActionImpl : HHH000477: Starting delayed evictData of schema as part of SessionFactory shut-down'
2022-09-17 14:26:46.169  INFO 50482 --- [    Test worker] com.zaxxer.hikari.HikariDataSource       : HikariPool-2 - Shutdown initiated...
2022-09-17 14:26:46.169  INFO 50482 --- [    Test worker] com.zaxxer.hikari.HikariDataSource       : HikariPool-2 - Shutdown completed.

  .   ____          _            __ _ _
 /\\ / ___'_ __ _ _(_)_ __  __ _ \ \ \ \
( ( )\___ | '_ | '_| | '_ \/ _` | \ \ \ \
 \\/  ___)| |_)| | | | | || (_| |  ) ) ) )
  '  |____| .__|_| |_|_| |_\__, | / / / /
 =========|_|==============|___/=/_/_/_/
 :: Spring Boot ::                (v2.7.3)

2022-09-17 14:26:46.179  INFO 50482 --- [    Test worker] c.e.t.d.p.i.ProductIntegrationTests      : Starting ProductIntegrationTests using Java 18.0.2 on Yvess-MacBook-Pro.local with PID 50482 (started by yves in /Users/yves/Desktop/SpringBoot_Testing)
2022-09-17 14:26:46.179  INFO 50482 --- [    Test worker] c.e.t.d.p.i.ProductIntegrationTests      : The following 1 profile is active: "test"
2022-09-17 14:26:46.237  INFO 50482 --- [    Test worker] .s.d.r.c.RepositoryConfigurationDelegate : Bootstrapping Spring Data JPA repositories in DEFAULT mode.
2022-09-17 14:26:46.247  INFO 50482 --- [    Test worker] .s.d.r.c.RepositoryConfigurationDelegate : Finished Spring Data repository scanning in 10 ms. Found 7 JPA repository interfaces.
2022-09-17 14:26:46.292  INFO 50482 --- [    Test worker] o.hibernate.jpa.internal.util.LogHelper  : HHH000204: Processing PersistenceUnitInfo [name: default]
2022-09-17 14:26:46.294  INFO 50482 --- [    Test worker] com.zaxxer.hikari.HikariDataSource       : HikariPool-3 - Starting...
2022-09-17 14:26:46.295  INFO 50482 --- [    Test worker] com.zaxxer.hikari.HikariDataSource       : HikariPool-3 - Start completed.
2022-09-17 14:26:46.295  INFO 50482 --- [    Test worker] org.hibernate.dialect.Dialect            : HHH000400: Using dialect: org.hibernate.dialect.H2Dialect
2022-09-17 14:26:46.332  INFO 50482 --- [    Test worker] o.h.e.t.j.p.i.JtaPlatformInitiator       : HHH000490: Using JtaPlatform implementation: [org.hibernate.engine.transaction.jta.platform.internal.NoJtaPlatform]
2022-09-17 14:26:46.333  INFO 50482 --- [    Test worker] j.LocalContainerEntityManagerFactoryBean : Initialized JPA EntityManagerFactory for persistence unit 'default'
2022-09-17 14:26:46.417  INFO 50482 --- [    Test worker] o.s.s.web.DefaultSecurityFilterChain     : Will secure any request with [org.springframework.security.web.session.DisableEncodeUrlFilter@28817763, org.springframework.security.web.context.request.async.WebAsyncManagerIntegrationFilter@3c22a99a, org.springframework.security.web.context.SecurityContextPersistenceFilter@7585531b, org.springframework.security.web.header.HeaderWriterFilter@45e6f47a, org.springframework.web.filter.CorsFilter@6abdead7, org.springframework.security.web.authentication.logout.LogoutFilter@cf6a6eb, com.example.testing.core.security.CustomAuthenticationFilter@412b90cc, com.example.testing.core.security.CustomAuthorizationFilter@6232cde5, org.springframework.security.web.savedrequest.RequestCacheAwareFilter@7fbe0f64, org.springframework.security.web.servletapi.SecurityContextHolderAwareRequestFilter@d0971cd, org.springframework.security.web.authentication.AnonymousAuthenticationFilter@4b75d640, org.springframework.security.web.session.SessionManagementFilter@11a9f958, org.springframework.security.web.access.ExceptionTranslationFilter@4ea8832c, org.springframework.security.web.access.intercept.FilterSecurityInterceptor@446dea16]
2022-09-17 14:26:46.446  WARN 50482 --- [    Test worker] JpaBaseConfiguration$JpaWebConfiguration : spring.jpa.open-in-view is enabled by default. Therefore, database queries may be performed during view rendering. Explicitly configure spring.jpa.open-in-view to disable this warning
2022-09-17 14:26:46.531  INFO 50482 --- [    Test worker] o.s.b.t.m.w.SpringBootMockServletContext : Initializing Spring TestDispatcherServlet ''
2022-09-17 14:26:46.531  INFO 50482 --- [    Test worker] o.s.t.web.servlet.TestDispatcherServlet  : Initializing Servlet ''
2022-09-17 14:26:46.531  INFO 50482 --- [    Test worker] o.s.t.web.servlet.TestDispatcherServlet  : Completed initialization in 0 ms
2022-09-17 14:26:46.535  INFO 50482 --- [    Test worker] c.e.t.d.p.i.ProductIntegrationTests      : Started ProductIntegrationTests in 0.364 seconds (JVM running for 3.55)
]]></system-out>
  <system-err><![CDATA[]]></system-err>
</testsuite>
