<?xml version="1.0" encoding="UTF-8"?>
<testsuite name="com.example.testing.domain.product.unit.ProductControllerUnitTests" tests="5" skipped="0" failures="0" errors="0" timestamp="2022-09-17T12:26:46" hostname="Yvess-MacBook-Pro.local" time="0.073">
  <properties/>
  <testcase name="updateProduct_requestProductDTOToBeUpdated_expectUpdatedProductDTO()" classname="com.example.testing.domain.product.unit.ProductControllerUnitTests" time="0.049"/>
  <testcase name="retrieveAll_requestAllProducts_expectAllProductsAsDTOS()" classname="com.example.testing.domain.product.unit.ProductControllerUnitTests" time="0.004"/>
  <testcase name="deleteProductById_requestDeletionOfProductById_expectAppropriateState()" classname="com.example.testing.domain.product.unit.ProductControllerUnitTests" time="0.004"/>
  <testcase name="retrieveById_requestProductById_expectProductAsDTO()" classname="com.example.testing.domain.product.unit.ProductControllerUnitTests" time="0.004"/>
  <testcase name="create_requestProductDTOToBeCreated_expectCreatedProductAsDTO()" classname="com.example.testing.domain.product.unit.ProductControllerUnitTests" time="0.011"/>
  <system-out><![CDATA[2022-09-17 14:26:46.554  INFO 50482 --- [    Test worker] .b.t.c.SpringBootTestContextBootstrapper : Neither @ContextConfiguration nor @ContextHierarchy found for test class [com.example.testing.domain.product.unit.ProductControllerUnitTests], using SpringBootContextLoader
2022-09-17 14:26:46.554  INFO 50482 --- [    Test worker] o.s.t.c.support.AbstractContextLoader    : Could not detect default resource locations for test class [com.example.testing.domain.product.unit.ProductControllerUnitTests]: no resource found for suffixes {-context.xml, Context.groovy}.
2022-09-17 14:26:46.554  INFO 50482 --- [    Test worker] t.c.s.AnnotationConfigContextLoaderUtils : Could not detect default configuration classes for test class [com.example.testing.domain.product.unit.ProductControllerUnitTests]: ProductControllerUnitTests does not declare any static, non-private, non-final, nested classes annotated with @Configuration.
2022-09-17 14:26:46.558  INFO 50482 --- [    Test worker] .b.t.c.SpringBootTestContextBootstrapper : Found @SpringBootConfiguration com.example.testing.TestingApplication for test class com.example.testing.domain.product.unit.ProductControllerUnitTests
2022-09-17 14:26:46.558  INFO 50482 --- [    Test worker] .b.t.c.SpringBootTestContextBootstrapper : Loaded default TestExecutionListener class names from location [META-INF/spring.factories]: [org.springframework.security.test.context.support.WithSecurityContextTestExecutionListener, org.springframework.security.test.context.support.ReactorContextTestExecutionListener, org.springframework.boot.test.autoconfigure.restdocs.RestDocsTestExecutionListener, org.springframework.boot.test.autoconfigure.web.client.MockRestServiceServerResetTestExecutionListener, org.springframework.boot.test.autoconfigure.web.servlet.MockMvcPrintOnlyOnFailureTestExecutionListener, org.springframework.boot.test.autoconfigure.web.servlet.WebDriverTestExecutionListener, org.springframework.boot.test.autoconfigure.webservices.client.MockWebServiceServerTestExecutionListener, org.springframework.boot.test.mock.mockito.MockitoTestExecutionListener, org.springframework.boot.test.mock.mockito.ResetMocksTestExecutionListener, org.springframework.test.context.web.ServletTestExecutionListener, org.springframework.test.context.support.DirtiesContextBeforeModesTestExecutionListener, org.springframework.test.context.event.ApplicationEventsTestExecutionListener, org.springframework.test.context.support.DependencyInjectionTestExecutionListener, org.springframework.test.context.support.DirtiesContextTestExecutionListener, org.springframework.test.context.transaction.TransactionalTestExecutionListener, org.springframework.test.context.jdbc.SqlScriptsTestExecutionListener, org.springframework.test.context.event.EventPublishingTestExecutionListener]
2022-09-17 14:26:46.559  INFO 50482 --- [    Test worker] .b.t.c.SpringBootTestContextBootstrapper : Using TestExecutionListeners: [org.springframework.test.context.web.ServletTestExecutionListener@199d1fb7, org.springframework.test.context.support.DirtiesContextBeforeModesTestExecutionListener@32b273c1, org.springframework.test.context.event.ApplicationEventsTestExecutionListener@745d399a, org.springframework.boot.test.mock.mockito.MockitoTestExecutionListener@3392d69b, org.springframework.boot.test.autoconfigure.SpringBootDependencyInjectionTestExecutionListener@420307f9, org.springframework.test.context.support.DirtiesContextTestExecutionListener@630e5803, org.springframework.test.context.transaction.TransactionalTestExecutionListener@7e822c11, org.springframework.test.context.jdbc.SqlScriptsTestExecutionListener@5b810b54, org.springframework.security.test.context.support.WithSecurityContextTestExecutionListener@1e7f312, org.springframework.test.context.event.EventPublishingTestExecutionListener@10387d6d, org.springframework.security.test.context.support.ReactorContextTestExecutionListener@7fb539df, org.springframework.boot.test.autoconfigure.restdocs.RestDocsTestExecutionListener@2c3d46d6, org.springframework.boot.test.autoconfigure.web.client.MockRestServiceServerResetTestExecutionListener@127c5f20, org.springframework.boot.test.autoconfigure.web.servlet.MockMvcPrintOnlyOnFailureTestExecutionListener@417c9b17, org.springframework.boot.test.autoconfigure.web.servlet.WebDriverTestExecutionListener@17d13926, org.springframework.boot.test.autoconfigure.webservices.client.MockWebServiceServerTestExecutionListener@511cc6fc, org.springframework.boot.test.mock.mockito.ResetMocksTestExecutionListener@216906a0]

  .   ____          _            __ _ _
 /\\ / ___'_ __ _ _(_)_ __  __ _ \ \ \ \
( ( )\___ | '_ | '_| | '_ \/ _` | \ \ \ \
 \\/  ___)| |_)| | | | | || (_| |  ) ) ) )
  '  |____| .__|_| |_|_| |_\__, | / / / /
 =========|_|==============|___/=/_/_/_/
 :: Spring Boot ::                (v2.7.3)

2022-09-17 14:26:46.565  INFO 50482 --- [    Test worker] c.e.t.d.p.u.ProductControllerUnitTests   : Starting ProductControllerUnitTests using Java 18.0.2 on Yvess-MacBook-Pro.local with PID 50482 (started by yves in /Users/yves/Desktop/SpringBoot_Testing)
2022-09-17 14:26:46.565  INFO 50482 --- [    Test worker] c.e.t.d.p.u.ProductControllerUnitTests   : The following 1 profile is active: "test"
2022-09-17 14:26:46.611  INFO 50482 --- [    Test worker] .s.d.r.c.RepositoryConfigurationDelegate : Bootstrapping Spring Data JPA repositories in DEFAULT mode.
2022-09-17 14:26:46.620  INFO 50482 --- [    Test worker] .s.d.r.c.RepositoryConfigurationDelegate : Finished Spring Data repository scanning in 8 ms. Found 7 JPA repository interfaces.
2022-09-17 14:26:46.689  INFO 50482 --- [    Test worker] o.hibernate.jpa.internal.util.LogHelper  : HHH000204: Processing PersistenceUnitInfo [name: default]
2022-09-17 14:26:46.691  INFO 50482 --- [    Test worker] com.zaxxer.hikari.HikariDataSource       : HikariPool-4 - Starting...
2022-09-17 14:26:46.691  INFO 50482 --- [    Test worker] com.zaxxer.hikari.HikariDataSource       : HikariPool-4 - Start completed.
2022-09-17 14:26:46.691  INFO 50482 --- [    Test worker] org.hibernate.dialect.Dialect            : HHH000400: Using dialect: org.hibernate.dialect.H2Dialect
2022-09-17 14:26:46.723  INFO 50482 --- [    Test worker] o.h.e.t.j.p.i.JtaPlatformInitiator       : HHH000490: Using JtaPlatform implementation: [org.hibernate.engine.transaction.jta.platform.internal.NoJtaPlatform]
2022-09-17 14:26:46.723  INFO 50482 --- [    Test worker] j.LocalContainerEntityManagerFactoryBean : Initialized JPA EntityManagerFactory for persistence unit 'default'
2022-09-17 14:26:46.789  INFO 50482 --- [    Test worker] o.s.s.web.DefaultSecurityFilterChain     : Will secure any request with [org.springframework.security.web.session.DisableEncodeUrlFilter@291fbdc9, org.springframework.security.web.context.request.async.WebAsyncManagerIntegrationFilter@db5e88a, org.springframework.security.web.context.SecurityContextPersistenceFilter@65d28ad4, org.springframework.security.web.header.HeaderWriterFilter@350a3df3, org.springframework.web.filter.CorsFilter@4bfaa7b, org.springframework.security.web.authentication.logout.LogoutFilter@4b9da2f0, com.example.testing.core.security.CustomAuthenticationFilter@57be9aa4, com.example.testing.core.security.CustomAuthorizationFilter@31b846f, org.springframework.security.web.savedrequest.RequestCacheAwareFilter@6f0ea5de, org.springframework.security.web.servletapi.SecurityContextHolderAwareRequestFilter@b0ff869, org.springframework.security.web.authentication.AnonymousAuthenticationFilter@21c8dd3e, org.springframework.security.web.session.SessionManagementFilter@3f31ccef, org.springframework.security.web.access.ExceptionTranslationFilter@48b85dc5, org.springframework.security.web.access.intercept.FilterSecurityInterceptor@4e43a23a]
2022-09-17 14:26:46.821  WARN 50482 --- [    Test worker] JpaBaseConfiguration$JpaWebConfiguration : spring.jpa.open-in-view is enabled by default. Therefore, database queries may be performed during view rendering. Explicitly configure spring.jpa.open-in-view to disable this warning
2022-09-17 14:26:46.906  INFO 50482 --- [    Test worker] o.s.b.t.m.w.SpringBootMockServletContext : Initializing Spring TestDispatcherServlet ''
2022-09-17 14:26:46.906  INFO 50482 --- [    Test worker] o.s.t.web.servlet.TestDispatcherServlet  : Initializing Servlet ''
2022-09-17 14:26:46.907  INFO 50482 --- [    Test worker] o.s.t.web.servlet.TestDispatcherServlet  : Completed initialization in 1 ms
2022-09-17 14:26:46.911  INFO 50482 --- [    Test worker] c.e.t.d.p.u.ProductControllerUnitTests   : Started ProductControllerUnitTests in 0.351 seconds (JVM running for 3.926)
]]></system-out>
  <system-err><![CDATA[]]></system-err>
</testsuite>
